This is pdfTeXk, Version 3.1415926-1.40.9 (Web2C 7.5.7) (format=pdflatex 2008.12.28)  28 MAR 2016 23:29
entering extended mode
\write18 enabled.
 %&-line parsing enabled.
**main.tex
(./main.tex
LaTeX2e <2005/12/01>
Babel <v3.8l> and hyphenation patterns for english, usenglishmax, dumylang, noh
yphenation, german-x-2008-06-18, ngerman-x-2008-06-18, ancientgreek, ibycus, ar
abic, basque, bulgarian, catalan, pinyin, coptic, croatian, czech, danish, dutc
h, esperanto, estonian, farsi, finnish, french, galician, german, ngerman, mono
greek, greek, hungarian, icelandic, indonesian, interlingua, irish, italian, la
tin, lithuanian, mongolian, mongolian2a, bokmal, nynorsk, polish, portuguese, r
omanian, russian, sanskrit, serbian, slovak, slovenian, spanish, swedish, turki
sh, ukenglish, ukrainian, uppersorbian, welsh, loaded.
(/usr/local/texlive/2008/texmf-dist/tex/latex/base/article.cls
Document Class: article 2005/09/16 v1.4f Standard LaTeX document class
(/usr/local/texlive/2008/texmf-dist/tex/latex/base/size12.clo
File: size12.clo 2005/09/16 v1.4f Standard LaTeX file (size option)
)
\c@part=\count79
\c@section=\count80
\c@subsection=\count81
\c@subsubsection=\count82
\c@paragraph=\count83
\c@subparagraph=\count84
\c@figure=\count85
\c@table=\count86
\abovecaptionskip=\skip41
\belowcaptionskip=\skip42
\bibindent=\dimen102
)
(/usr/local/texlive/2008/texmf-dist/tex/latex/psnfss/times.sty
Package: times 2005/04/12 PSNFSS-v9.2a (SPQR) 
)
(/usr/local/texlive/2008/texmf-dist/tex/latex/graphics/epsfig.sty
Package: epsfig 1999/02/16 v1.7a (e)psfig emulation (SPQR)

(/usr/local/texlive/2008/texmf-dist/tex/latex/graphics/graphicx.sty
Package: graphicx 1999/02/16 v1.0f Enhanced LaTeX Graphics (DPC,SPQR)

(/usr/local/texlive/2008/texmf-dist/tex/latex/graphics/keyval.sty
Package: keyval 1999/03/16 v1.13 key=value parser (DPC)
\KV@toks@=\toks14
)
(/usr/local/texlive/2008/texmf-dist/tex/latex/graphics/graphics.sty
Package: graphics 2006/02/20 v1.0o Standard LaTeX Graphics (DPC,SPQR)

(/usr/local/texlive/2008/texmf-dist/tex/latex/graphics/trig.sty
Package: trig 1999/03/16 v1.09 sin cos tan (DPC)
)
(/usr/local/texlive/2008/texmf/tex/latex/config/graphics.cfg
File: graphics.cfg 2007/01/18 v1.5 graphics configuration of teTeX/TeXLive
)
Package graphics Info: Driver file: pdftex.def on input line 90.

(/usr/local/texlive/2008/texmf-dist/tex/latex/pdftex-def/pdftex.def
File: pdftex.def 2008/09/08 v0.04l Graphics/color for pdfTeX
\Gread@gobject=\count87
))
\Gin@req@height=\dimen103
\Gin@req@width=\dimen104
)
\epsfxsize=\dimen105
\epsfysize=\dimen106
)
(/usr/local/texlive/2008/texmf-dist/tex/latex/subfig/subfig.sty
Package: subfig 2005/06/28 ver: 1.3 subfig package

(/usr/local/texlive/2008/texmf-dist/tex/latex/caption/caption.sty
Package: caption 2008/08/24 v3.1j Customizing captions (AR)

(/usr/local/texlive/2008/texmf-dist/tex/latex/caption/caption3.sty
Package: caption3 2008/08/24 v3.1j caption3 kernel (AR)
\captionmargin=\dimen107
\captionmargin@=\dimen108
\captionwidth=\dimen109
\caption@indent=\dimen110
\caption@parindent=\dimen111
\caption@hangindent=\dimen112
)
\c@ContinuedFloat=\count88
)
\c@KVtest=\count89
\sf@farskip=\skip43
\sf@captopadj=\dimen113
\sf@capskip=\skip44
\sf@nearskip=\skip45
\c@subfigure=\count90
\c@subfigure@save=\count91
\c@lofdepth=\count92
\c@subtable=\count93
\c@subtable@save=\count94
\c@lotdepth=\count95
\sf@top=\skip46
\sf@bottom=\skip47
)
(/usr/local/texlive/2008/texmf-dist/tex/latex/amsmath/amsmath.sty
Package: amsmath 2000/07/18 v2.13 AMS math features
\@mathmargin=\skip48

For additional information on amsmath, use the `?' option.
(/usr/local/texlive/2008/texmf-dist/tex/latex/amsmath/amstext.sty
Package: amstext 2000/06/29 v2.01

(/usr/local/texlive/2008/texmf-dist/tex/latex/amsmath/amsgen.sty
File: amsgen.sty 1999/11/30 v2.0
\@emptytoks=\toks15
\ex@=\dimen114
))
(/usr/local/texlive/2008/texmf-dist/tex/latex/amsmath/amsbsy.sty
Package: amsbsy 1999/11/29 v1.2d
\pmbraise@=\dimen115
)
(/usr/local/texlive/2008/texmf-dist/tex/latex/amsmath/amsopn.sty
Package: amsopn 1999/12/14 v2.01 operator names
)
\inf@bad=\count96
LaTeX Info: Redefining \frac on input line 211.
\uproot@=\count97
\leftroot@=\count98
LaTeX Info: Redefining \overline on input line 307.
\classnum@=\count99
\DOTSCASE@=\count100
LaTeX Info: Redefining \ldots on input line 379.
LaTeX Info: Redefining \dots on input line 382.
LaTeX Info: Redefining \cdots on input line 467.
\Mathstrutbox@=\box26
\strutbox@=\box27
\big@size=\dimen116
LaTeX Font Info:    Redeclaring font encoding OML on input line 567.
LaTeX Font Info:    Redeclaring font encoding OMS on input line 568.
\macc@depth=\count101
\c@MaxMatrixCols=\count102
\dotsspace@=\muskip10
\c@parentequation=\count103
\dspbrk@lvl=\count104
\tag@help=\toks16
\row@=\count105
\column@=\count106
\maxfields@=\count107
\andhelp@=\toks17
\eqnshift@=\dimen117
\alignsep@=\dimen118
\tagshift@=\dimen119
\tagwidth@=\dimen120
\totwidth@=\dimen121
\lineht@=\dimen122
\@envbody=\toks18
\multlinegap=\skip49
\multlinetaggap=\skip50
\mathdisplay@stack=\toks19
LaTeX Info: Redefining \[ on input line 2666.
LaTeX Info: Redefining \] on input line 2667.
)
(/usr/local/texlive/2008/texmf-dist/tex/latex/amsfonts/amssymb.sty
Package: amssymb 2002/01/22 v2.2d

(/usr/local/texlive/2008/texmf-dist/tex/latex/amsfonts/amsfonts.sty
Package: amsfonts 2001/10/25 v2.2f
\symAMSa=\mathgroup4
\symAMSb=\mathgroup5
LaTeX Font Info:    Overwriting math alphabet `\mathfrak' in version `bold'
(Font)                  U/euf/m/n --> U/euf/b/n on input line 132.
))
(/usr/local/texlive/2008/texmf-dist/tex/latex/fancyhdr/fancyhdr.sty
\fancy@headwidth=\skip51
\f@ncyO@elh=\skip52
\f@ncyO@erh=\skip53
\f@ncyO@olh=\skip54
\f@ncyO@orh=\skip55
\f@ncyO@elf=\skip56
\f@ncyO@erf=\skip57
\f@ncyO@olf=\skip58
\f@ncyO@orf=\skip59
)
(/usr/local/texlive/2008/texmf-dist/tex/latex/graphics/color.sty
Package: color 2005/11/14 v1.0j Standard LaTeX Color (DPC)

(/usr/local/texlive/2008/texmf/tex/latex/config/color.cfg
File: color.cfg 2007/01/18 v1.5 color configuration of teTeX/TeXLive
)
Package color Info: Driver file: pdftex.def on input line 130.
)
(/usr/local/texlive/2008/texmf-dist/tex/latex/cite/cite.sty
LaTeX Info: Redefining \cite on input line 149.
LaTeX Info: Redefining \nocite on input line 214.
Package: cite 2003/11/04  v 4.01
)
(/usr/local/texlive/2008/texmf-dist/tex/latex/doublestroke/dsfont.sty
Package: dsfont 1995/08/01 v0.1 Double stroke roman fonts
)
(/usr/local/texlive/2008/texmf-dist/tex/latex/oberdiek/epstopdf.sty
Package: epstopdf 2008/05/06 v1.7 Conversion with epstopdf on the fly (HO)

(/usr/local/texlive/2008/texmf-dist/tex/generic/oberdiek/infwarerr.sty
Package: infwarerr 2007/09/09 v1.2 Providing info/warning/message (HO)
)
(/usr/local/texlive/2008/texmf-dist/tex/latex/oberdiek/grfext.sty
Package: grfext 2007/09/30 v1.0 Managing graphics extensions (HO)
)
(/usr/local/texlive/2008/texmf-dist/tex/latex/oberdiek/kvoptions.sty
Package: kvoptions 2007/10/18 v3.0 Keyval support for LaTeX options (HO)
)
(/usr/local/texlive/2008/texmf-dist/tex/generic/oberdiek/pdftexcmds.sty
Package: pdftexcmds 2007/12/12 v0.3 LuaTeX support for pdfTeX utility functions
 (HO)
Package pdftexcmds Info: LuaTeX not detected on input line 139.
)
Package grfext Info: Graphics extension search list:
(grfext)             [.png,.pdf,.jpg,.mps,.jpeg,.jbig2,.jb2,.PNG,.PDF,.JPG,.JPE
G,.JBIG2,.JB2,.eps]
(grfext)             \AppendGraphicsExtensions on input line 323.
)
(/usr/local/texlive/2008/texmf-dist/tex/latex/tools/bm.sty
Package: bm 2004/02/26 v1.1c Bold Symbol Support (DPC/FMi)
\symboldoperators=\mathgroup6
\symboldletters=\mathgroup7
\symboldsymbols=\mathgroup8
LaTeX Font Info:    Redeclaring math alphabet \mathbf on input line 137.
LaTeX Info: Redefining \bm on input line 203.
)
(/usr/local/texlive/2008/texmf-dist/tex/latex/stmaryrd/stmaryrd.sty
Package: stmaryrd 1994/03/03 St Mary's Road symbol package
\symstmry=\mathgroup9
LaTeX Font Info:    Overwriting symbol font `stmry' in version `bold'
(Font)                  U/stmry/m/n --> U/stmry/b/n on input line 89.
)
(/usr/local/texlive/2008/texmf-dist/tex/latex/tools/xspace.sty
Package: xspace 2006/05/08 v1.12 Space after command names (DPC,MH)
)
(/usr/local/texlive/2008/texmf-dist/tex/latex/IEEEtran/IEEEtrantools.sty
Package: IEEEtrantools 2007/01/11 V1.2 by Michael Shell

-- See the "IEEEtrantools_doc.txt" manual for usage information.
-- http://www.michaelshell.org/tex/ieeetran/tools/
\@IEEEtrantmpdimenA=\dimen123
\@IEEEtrantmpdimenB=\dimen124
\@IEEEtrantmpcountA=\count108
\@IEEEtrantmpcountB=\count109
\@IEEEtrantmptoksA=\toks20
\IEEEnormaljot=\dimen125
\IEEEilabelindentA=\dimen126
\IEEEilabelindentB=\dimen127
\IEEEilabelindent=\dimen128
\IEEEelabelindent=\dimen129
\IEEEdlabelindent=\dimen130
\IEEElabelindent=\dimen131
\IEEEiednormlabelsep=\dimen132
\IEEEiedmathlabelsep=\dimen133
\IEEEiedtopsep=\skip60
\c@IEEEsubequation=\count110
\@IEEEeqnnumcols=\count111
\@IEEEeqncolcnt=\count112
\IEEEPARstartletwidth=\dimen134
) (./main.aux (./abstract.aux) (./acknowledgments.aux) (./contents.aux)
(./introduction.aux) (./scattering.aux) (./multibandchroma.aux)
(./haarscattering.aux) (./chordestimation.aux) (./conclusions.aux)
(./bibliography.aux) (./appendix.aux))
\openout1 = `main.aux'.

LaTeX Font Info:    Checking defaults for OML/cmm/m/it on input line 84.
LaTeX Font Info:    ... okay on input line 84.
LaTeX Font Info:    Checking defaults for T1/cmr/m/n on input line 84.
LaTeX Font Info:    ... okay on input line 84.
LaTeX Font Info:    Checking defaults for OT1/cmr/m/n on input line 84.
LaTeX Font Info:    ... okay on input line 84.
LaTeX Font Info:    Checking defaults for OMS/cmsy/m/n on input line 84.
LaTeX Font Info:    ... okay on input line 84.
LaTeX Font Info:    Checking defaults for OMX/cmex/m/n on input line 84.
LaTeX Font Info:    ... okay on input line 84.
LaTeX Font Info:    Checking defaults for U/cmr/m/n on input line 84.
LaTeX Font Info:    ... okay on input line 84.
LaTeX Font Info:    Try loading font information for OT1+ptm on input line 84.

(/usr/local/texlive/2008/texmf-dist/tex/latex/psnfss/ot1ptm.fd
File: ot1ptm.fd 2001/06/04 font definitions for OT1/ptm.
)
(/usr/local/texlive/2008/texmf-dist/tex/context/base/supp-pdf.tex
[Loading MPS to PDF converter (version 2006.09.02).]
\scratchcounter=\count113
\scratchdimen=\dimen135
\scratchbox=\box28
\nofMPsegments=\count114
\nofMParguments=\count115
\everyMPshowfont=\toks21
\MPscratchCnt=\count116
\MPscratchDim=\dimen136
\MPnumerator=\count117
\everyMPtoPDFconversion=\toks22
)
Package caption Info: Begin \AtBeginDocument code.
Package caption3 Info: subfig package 1.2 or 1.3 is loaded.
LaTeX Info: Redefining \subref on input line 84.
Package caption Info: End \AtBeginDocument code.
LaTeX Font Info:    Try loading font information for U+msa on input line 90.
 (/usr/local/texlive/2008/texmf-dist/tex/latex/amsfonts/umsa.fd
File: umsa.fd 2002/01/19 v2.2g AMS font definitions
)
LaTeX Font Info:    Try loading font information for U+msb on input line 90.

(/usr/local/texlive/2008/texmf-dist/tex/latex/amsfonts/umsb.fd
File: umsb.fd 2002/01/19 v2.2g AMS font definitions
)
LaTeX Font Info:    Try loading font information for U+stmry on input line 90.

(/usr/local/texlive/2008/texmf-dist/tex/latex/stmaryrd/Ustmry.fd) [1

{/usr/local/texlive/2008/texmf-var/fonts/map/pdftex/updmap/pdftex.map}]
\openout2 = `abstract.aux'.

 (./abstract.tex
LaTeX Font Info:    Font shape `OT1/ptm/bx/n' in size <10.95> not available
(Font)              Font shape `OT1/ptm/b/n' tried instead on input line 5.

Overfull \hbox (11.61159pt too wide) in paragraph at lines 7--17
\OT1/ptm/m/n/10.95 chroma rep-re-sen-ta-tions, Gaus-sian Mix-ture Model pat-ter
n match-ing, and Viterbi
 []

) [2

]
\openout2 = `acknowledgments.aux'.

 (./acknowledgments.tex) [3


]
\openout2 = `contents.aux'.

 (./contents.tex
LaTeX Font Info:    Font shape `OT1/ptm/bx/n' in size <17.28> not available
(Font)              Font shape `OT1/ptm/b/n' tried instead on input line 6.
 (./main.toc
LaTeX Font Info:    Font shape `OT1/ptm/bx/n' in size <12> not available
(Font)              Font shape `OT1/ptm/b/n' tried instead on input line 1.
)
\tf@toc=\write3
\openout3 = `main.toc'.

 [4


] (./main.lof
LaTeX Font Info:    Try loading font information for OT1+pcr on input line 1.

(/usr/local/texlive/2008/texmf-dist/tex/latex/psnfss/ot1pcr.fd
File: ot1pcr.fd 2001/06/04 font definitions for OT1/pcr.
)
LaTeX Font Info:    Try loading font information for OMS+pcr on input line 1.

(/usr/local/texlive/2008/texmf-dist/tex/latex/psnfss/omspcr.fd
File: omspcr.fd 
)
LaTeX Font Info:    Font shape `OMS/pcr/m/n' in size <12> not available
(Font)              Font shape `OMS/cmsy/m/n' tried instead on input line 1.


LaTeX Font Warning: Font shape `U/stmry/b/n' undefined
(Font)              using `U/stmry/m/n' instead on input line 2.

)
\tf@lof=\write4
\openout4 = `main.lof'.

) [5

]
\openout2 = `introduction.aux'.

 (./introduction.tex

LaTeX Warning: Citation `ellis2007identifying' on page 6 undefined on input lin
e 15.


LaTeX Warning: Citation `perez2009genre' on page 6 undefined on input line 16.


LaTeX Warning: Citation `mauch2012integrating' on page 6 undefined on input lin
e 17.


LaTeX Warning: Citation `mcvicar2014automatic' on page 6 undefined on input lin
e 18.


LaTeX Warning: Citation `mauch2010approximate' on page 6 undefined on input lin
e 40.

<figs/sheet_music.png, id=25, 233.25142pt x 56.82228pt>
File: figs/sheet_music.png Graphic file (type png)

<use figs/sheet_music.png>

LaTeX Warning: Citation `cho2013mirex' on page 6 undefined on input line 75.


LaTeX Warning: Citation `burgoyne2011' on page 6 undefined on input line 76.

[6


 <./figs/sheet_music.png (PNG copy)>]) [7]
\openout2 = `scattering.aux'.

 (./scattering.tex) [8


]
\openout2 = `multibandchroma.aux'.


(./multibandchroma.tex
LaTeX Font Info:    Font shape `OT1/ptm/bx/n' in size <14.4> not available
(Font)              Font shape `OT1/ptm/b/n' tried instead on input line 9.

Overfull \hbox (3.59315pt too wide) in paragraph at lines 53--61
[]\OT1/ptm/m/n/12 Acoustic mod-el-ing is clas-si-cally achieved with a hid-den 
Markov model (HMM)
 []

[9


]) [10]
\openout2 = `haarscattering.aux'.

 (./haarscattering.tex
<figs/haar_functions.png, id=46, 233.25142pt x 256.01648pt>
File: figs/haar_functions.png Graphic file (type png)

<use figs/haar_functions.png> [11


 <./figs/haar_functions.png (PNG copy)>]

LaTeX Warning: Citation `mallat1989theory' on page 12 undefined on input line 1
06.

[12]

LaTeX Warning: Citation `mallat2008wavelet' on page 13 undefined on input line 
130.

<figs/wavelet_scheme.png, id=61, 312.9291pt x 113.73491pt>
File: figs/wavelet_scheme.png Graphic file (type png)

<use figs/wavelet_scheme.png>
Overfull \hbox (9.25613pt too wide) in paragraph at lines 176--186
[]\OT1/ptm/m/n/12 Besides its small com-pu-ta-tional com-plex-ity, the mul-tire
s-o-lu-tion pyra-mid scheme
 []

[13 <./figs/wavelet_scheme.png (PNG copy)>]

LaTeX Warning: Citation `mallat2012group' on page 14 undefined on input line 22
6.

[14]

LaTeX Warning: Citation `lostanlen2015wavelet' on page 15 undefined on input li
ne 247.


LaTeX Warning: Citation `cheng2014deep' on page 15 undefined on input line 248.


<figs/scattering_scheme.png, id=71, 312.9291pt x 204.7951pt>
File: figs/scattering_scheme.png Graphic file (type png)

<use figs/scattering_scheme.png> [15 <./figs/scattering_scheme.png (PNG copy)>]
system(epstopdf figs/features_gray.eps)...executed.



pdfTeX warning: /usr/texbin/pdflatex (file ./figs/features_gray.pdf): PDF inclu
sion: found PDF version <1.5>, but at most version <1.4> allowed
<figs/features_gray.pdf, id=75, 618.31pt x 675.52374pt>
File: figs/features_gray.pdf Graphic file (type pdf)

<use figs/features_gray.pdf>
Overfull \hbox (6.04543pt too wide) in paragraph at lines 342--344
\OT1/ptm/m/n/12 The ex-am-ple chords dis-cussed at the be-gin-ning of this pa-p
er in Fig-ure 1[] --- \OT1/pcr/m/n/12 A:min7
 []

[16]) [17 <./figs/features_gray.pdf>]
\openout2 = `chordestimation.aux'.

 (./chordestimation.tex
system(epstopdf figs/mirex4.eps)...executed.



pdfTeX warning: /usr/texbin/pdflatex (file ./figs/mirex4.pdf): PDF inclusion: f
ound PDF version <1.5>, but at most version <1.4> allowed
<figs/mirex4.pdf, id=89, 722.7pt x 433.62pt>
File: figs/mirex4.pdf Graphic file (type pdf)
 <use figs/mirex4.pdf>
system(epstopdf figs/mirex8.eps)...executed.



pdfTeX warning: /usr/texbin/pdflatex (file ./figs/mirex8.pdf): PDF inclusion: f
ound PDF version <1.5>, but at most version <1.4> allowed
<figs/mirex8.pdf, id=90, 722.7pt x 433.62pt>
File: figs/mirex8.pdf Graphic file (type pdf)
 <use figs/mirex8.pdf>

LaTeX Warning: `!h' float specifier changed to `!ht'.


LaTeX Warning: Citation `raffel2014mir' on page 18 undefined on input line 42.

system(epstopdf figs/tetrad_inv4.eps)...executed.



pdfTeX warning: /usr/texbin/pdflatex (file ./figs/tetrad_inv4.pdf): PDF inclusi
on: found PDF version <1.5>, but at most version <1.4> allowed
<figs/tetrad_inv4.pdf, id=91, 722.7pt x 433.62pt>
File: figs/tetrad_inv4.pdf Graphic file (type pdf)
 <use figs/tetrad_inv4.pdf>
system(epstopdf figs/tetrad_inv8.eps)...executed.



pdfTeX warning: /usr/texbin/pdflatex (file ./figs/tetrad_inv8.pdf): PDF inclusi
on: found PDF version <1.5>, but at most version <1.4> allowed
<figs/tetrad_inv8.pdf, id=92, 722.7pt x 433.62pt>
File: figs/tetrad_inv8.pdf Graphic file (type pdf)
 <use figs/tetrad_inv8.pdf>

LaTeX Warning: `!h' float specifier changed to `!ht'.

[18


]

LaTeX Warning: Text page 19 contains only floats.


Overfull \vbox (1.99825pt too high) has occurred while \output is active []


[19 <./figs/mirex4.pdf> <./figs/mirex8.pdf>]

LaTeX Warning: Text page 20 contains only floats.


Overfull \vbox (1.99825pt too high) has occurred while \output is active []


[20 <./figs/tetrad_inv4.pdf> <./figs/tetrad_inv8.pdf>]) [21] [22]
\openout2 = `conclusions.aux'.


(./conclusions.tex) [23


]
\openout2 = `bibliography.aux'.

 (./bibliography.tex
No file main.bbl.
)
\openout2 = `appendix.aux'.

 (./appendix.tex [24




]) [25

] (./main.aux (./abstract.aux)
(./acknowledgments.aux) (./contents.aux) (./introduction.aux) (./scattering.aux
) (./multibandchroma.aux) (./haarscattering.aux) (./chordestimation.aux)
(./conclusions.aux) (./bibliography.aux) (./appendix.aux))

LaTeX Font Warning: Some font shapes were not available, defaults substituted.


LaTeX Warning: There were undefined references.

 ) 
Here is how much of TeX's memory you used:
 4211 strings out of 493876
 61888 string characters out of 1150567
 126858 words of memory out of 3000000
 7298 multiletter control sequences out of 10000+50000
 35289 words of font info for 91 fonts, out of 3000000 for 5000
 714 hyphenation exceptions out of 8191
 44i,12n,43p,1020b,348s stack positions out of 5000i,500n,10000p,200000b,50000s
{/usr/local/texlive/2008/texmf-dist/fonts/enc/dvips/base/8r.enc}</usr/local/t
exlive/2008/texmf-dist/fonts/type1/bluesky/ams/cmbsy7.pfb></usr/local/texlive/2
008/texmf-dist/fonts/type1/bluesky/cm/cmbx12.pfb></usr/local/texlive/2008/texmf
-dist/fonts/type1/bluesky/cm/cmbx8.pfb></usr/local/texlive/2008/texmf-dist/font
s/type1/bluesky/cm/cmex10.pfb></usr/local/texlive/2008/texmf-dist/fonts/type1/b
luesky/cm/cmmi12.pfb></usr/local/texlive/2008/texmf-dist/fonts/type1/bluesky/cm
/cmmi6.pfb></usr/local/texlive/2008/texmf-dist/fonts/type1/bluesky/cm/cmmi8.pfb
></usr/local/texlive/2008/texmf-dist/fonts/type1/bluesky/cm/cmmib10.pfb></usr/l
ocal/texlive/2008/texmf-dist/fonts/type1/bluesky/ams/cmmib7.pfb></usr/local/tex
live/2008/texmf-dist/fonts/type1/bluesky/cm/cmr12.pfb></usr/local/texlive/2008/
texmf-dist/fonts/type1/bluesky/cm/cmr6.pfb></usr/local/texlive/2008/texmf-dist/
fonts/type1/bluesky/cm/cmr8.pfb></usr/local/texlive/2008/texmf-dist/fonts/type1
/bluesky/cm/cmsy10.pfb></usr/local/texlive/2008/texmf-dist/fonts/type1/bluesky/
cm/cmsy6.pfb></usr/local/texlive/2008/texmf-dist/fonts/type1/bluesky/cm/cmsy8.p
fb></usr/local/texlive/2008/texmf-dist/fonts/type1/public/cmex/fmex8.pfb></usr/
local/texlive/2008/texmf-dist/fonts/type1/bluesky/ams/msbm10.pfb></usr/local/te
xlive/2008/texmf-dist/fonts/type1/hoekwater/stmaryrd/stmary10.pfb></usr/local/t
exlive/2008/texmf-dist/fonts/type1/urw/courier/ucrr8a.pfb></usr/local/texlive/2
008/texmf-dist/fonts/type1/urw/times/utmb8a.pfb></usr/local/texlive/2008/texmf-
dist/fonts/type1/urw/times/utmr8a.pfb></usr/local/texlive/2008/texmf-dist/fonts
/type1/urw/times/utmri8a.pfb>
Output written on main.pdf (25 pages, 1007801 bytes).
PDF statistics:
 385 PDF objects out of 1000 (max. 8388607)
 0 named destinations out of 1000 (max. 131072)
 46 words of extra memory for PDF output out of 10000 (max. 10000000)

