This is pdfTeXk, Version 3.1415926-1.40.9 (Web2C 7.5.7) (format=pdflatex 2008.12.28)  10 MAY 2016 11:02
entering extended mode
\write18 enabled.
 %&-line parsing enabled.
**WaveletScattering.tex
(./WaveletScattering.tex
LaTeX2e <2005/12/01>
Babel <v3.8l> and hyphenation patterns for english, usenglishmax, dumylang, noh
yphenation, german-x-2008-06-18, ngerman-x-2008-06-18, ancientgreek, ibycus, ar
abic, basque, bulgarian, catalan, pinyin, coptic, croatian, czech, danish, dutc
h, esperanto, estonian, farsi, finnish, french, galician, german, ngerman, mono
greek, greek, hungarian, icelandic, indonesian, interlingua, irish, italian, la
tin, lithuanian, mongolian, mongolian2a, bokmal, nynorsk, polish, portuguese, r
omanian, russian, sanskrit, serbian, slovak, slovenian, spanish, swedish, turki
sh, ukenglish, ukrainian, uppersorbian, welsh, loaded.
(/usr/local/texlive/2008/texmf-dist/tex/latex/extsizes/extarticle.cls
Document Class: extarticle 1996/10/08 v1.0 Non Standard LaTeX document class
(/usr/local/texlive/2008/texmf-dist/tex/latex/base/size12.clo
File: size12.clo 2005/09/16 v1.4f Standard LaTeX file (size option)
)
(/usr/local/texlive/2008/texmf-dist/tex/latex/base/exscale.sty
Package: exscale 1997/06/16 v2.1g Standard LaTeX package exscale
LaTeX Font Info:    Redeclaring symbol font `largesymbols' on input line 52.
LaTeX Font Info:    Overwriting symbol font `largesymbols' in version `normal'
(Font)                  OMX/cmex/m/n --> OMX/cmex/m/n on input line 52.
LaTeX Font Info:    Overwriting symbol font `largesymbols' in version `bold'
(Font)                  OMX/cmex/m/n --> OMX/cmex/m/n on input line 52.
\big@size=\dimen102
)
\c@part=\count79
\c@section=\count80
\c@subsection=\count81
\c@subsubsection=\count82
\c@paragraph=\count83
\c@subparagraph=\count84
\c@figure=\count85
\c@table=\count86
\abovecaptionskip=\skip41
\belowcaptionskip=\skip42
\bibindent=\dimen103
)
(/usr/local/texlive/2008/texmf-dist/tex/latex/geometry/geometry.sty
Package: geometry 2008/12/21 v4.2 Page Geometry

(/usr/local/texlive/2008/texmf-dist/tex/latex/graphics/keyval.sty
Package: keyval 1999/03/16 v1.13 key=value parser (DPC)
\KV@toks@=\toks14
)
(/usr/local/texlive/2008/texmf-dist/tex/generic/oberdiek/ifpdf.sty
Package: ifpdf 2007/12/12 v1.6 Provides the ifpdf switch (HO)
Package ifpdf Info: pdfTeX in pdf mode detected.
)
(/usr/local/texlive/2008/texmf-dist/tex/generic/oberdiek/ifvtex.sty
Package: ifvtex 2008/11/04 v1.4 Switches for detecting VTeX and its modes (HO)
Package ifvtex Info: VTeX not detected.
)
\Gm@cnth=\count87
\Gm@cntv=\count88
\c@Gm@tempcnt=\count89
\Gm@bindingoffset=\dimen104
\Gm@wd@mp=\dimen105
\Gm@odd@mp=\dimen106
\Gm@even@mp=\dimen107
\Gm@dimlist=\toks15

(/usr/local/texlive/2008/texmf-dist/tex/xelatex/xetexconfig/geometry.cfg))
(/usr/local/texlive/2008/texmf-dist/tex/latex/ltxmisc/parskip.sty
Package: parskip 2001/04/09 non-zero parskip adjustments
)
(/usr/local/texlive/2008/texmf-dist/tex/latex/psnfss/times.sty
Package: times 2005/04/12 PSNFSS-v9.2a (SPQR) 
)
(/usr/local/texlive/2008/texmf-dist/tex/latex/graphics/epsfig.sty
Package: epsfig 1999/02/16 v1.7a (e)psfig emulation (SPQR)

(/usr/local/texlive/2008/texmf-dist/tex/latex/graphics/graphicx.sty
Package: graphicx 1999/02/16 v1.0f Enhanced LaTeX Graphics (DPC,SPQR)

(/usr/local/texlive/2008/texmf-dist/tex/latex/graphics/graphics.sty
Package: graphics 2006/02/20 v1.0o Standard LaTeX Graphics (DPC,SPQR)

(/usr/local/texlive/2008/texmf-dist/tex/latex/graphics/trig.sty
Package: trig 1999/03/16 v1.09 sin cos tan (DPC)
)
(/usr/local/texlive/2008/texmf/tex/latex/config/graphics.cfg
File: graphics.cfg 2007/01/18 v1.5 graphics configuration of teTeX/TeXLive
)
Package graphics Info: Driver file: pdftex.def on input line 90.

(/usr/local/texlive/2008/texmf-dist/tex/latex/pdftex-def/pdftex.def
File: pdftex.def 2008/09/08 v0.04l Graphics/color for pdfTeX
\Gread@gobject=\count90
))
\Gin@req@height=\dimen108
\Gin@req@width=\dimen109
)
\epsfxsize=\dimen110
\epsfysize=\dimen111
)
(/usr/local/texlive/2008/texmf-dist/tex/latex/subfig/subfig.sty
Package: subfig 2005/06/28 ver: 1.3 subfig package

(/usr/local/texlive/2008/texmf-dist/tex/latex/caption/caption.sty
Package: caption 2008/08/24 v3.1j Customizing captions (AR)

(/usr/local/texlive/2008/texmf-dist/tex/latex/caption/caption3.sty
Package: caption3 2008/08/24 v3.1j caption3 kernel (AR)
\captionmargin=\dimen112
\captionmargin@=\dimen113
\captionwidth=\dimen114
\caption@indent=\dimen115
\caption@parindent=\dimen116
\caption@hangindent=\dimen117
)
\c@ContinuedFloat=\count91
)
\c@KVtest=\count92
\sf@farskip=\skip43
\sf@captopadj=\dimen118
\sf@capskip=\skip44
\sf@nearskip=\skip45
\c@subfigure=\count93
\c@subfigure@save=\count94
\c@lofdepth=\count95
\c@subtable=\count96
\c@subtable@save=\count97
\c@lotdepth=\count98
\sf@top=\skip46
\sf@bottom=\skip47
)
(/usr/local/texlive/2008/texmf-dist/tex/latex/amsmath/amsmath.sty
Package: amsmath 2000/07/18 v2.13 AMS math features
\@mathmargin=\skip48

For additional information on amsmath, use the `?' option.
(/usr/local/texlive/2008/texmf-dist/tex/latex/amsmath/amstext.sty
Package: amstext 2000/06/29 v2.01

(/usr/local/texlive/2008/texmf-dist/tex/latex/amsmath/amsgen.sty
File: amsgen.sty 1999/11/30 v2.0
\@emptytoks=\toks16
\ex@=\dimen119
))
(/usr/local/texlive/2008/texmf-dist/tex/latex/amsmath/amsbsy.sty
Package: amsbsy 1999/11/29 v1.2d
\pmbraise@=\dimen120
)
(/usr/local/texlive/2008/texmf-dist/tex/latex/amsmath/amsopn.sty
Package: amsopn 1999/12/14 v2.01 operator names
)
\inf@bad=\count99
LaTeX Info: Redefining \frac on input line 211.
\uproot@=\count100
\leftroot@=\count101
LaTeX Info: Redefining \overline on input line 307.
\classnum@=\count102
\DOTSCASE@=\count103
LaTeX Info: Redefining \ldots on input line 379.
LaTeX Info: Redefining \dots on input line 382.
LaTeX Info: Redefining \cdots on input line 467.
\Mathstrutbox@=\box26
\strutbox@=\box27
\big@size=\dimen121
LaTeX Font Info:    Redeclaring font encoding OML on input line 567.
LaTeX Font Info:    Redeclaring font encoding OMS on input line 568.
\macc@depth=\count104
\c@MaxMatrixCols=\count105
\dotsspace@=\muskip10
\c@parentequation=\count106
\dspbrk@lvl=\count107
\tag@help=\toks17
\row@=\count108
\column@=\count109
\maxfields@=\count110
\andhelp@=\toks18
\eqnshift@=\dimen122
\alignsep@=\dimen123
\tagshift@=\dimen124
\tagwidth@=\dimen125
\totwidth@=\dimen126
\lineht@=\dimen127
\@envbody=\toks19
\multlinegap=\skip49
\multlinetaggap=\skip50
\mathdisplay@stack=\toks20
LaTeX Info: Redefining \[ on input line 2666.
LaTeX Info: Redefining \] on input line 2667.
)
(/usr/local/texlive/2008/texmf-dist/tex/latex/amsfonts/amssymb.sty
Package: amssymb 2002/01/22 v2.2d

(/usr/local/texlive/2008/texmf-dist/tex/latex/amsfonts/amsfonts.sty
Package: amsfonts 2001/10/25 v2.2f
\symAMSa=\mathgroup4
\symAMSb=\mathgroup5
LaTeX Font Info:    Overwriting math alphabet `\mathfrak' in version `bold'
(Font)                  U/euf/m/n --> U/euf/b/n on input line 132.
))
(/usr/local/texlive/2008/texmf-dist/tex/latex/fancyhdr/fancyhdr.sty
\fancy@headwidth=\skip51
\f@ncyO@elh=\skip52
\f@ncyO@erh=\skip53
\f@ncyO@olh=\skip54
\f@ncyO@orh=\skip55
\f@ncyO@elf=\skip56
\f@ncyO@erf=\skip57
\f@ncyO@olf=\skip58
\f@ncyO@orf=\skip59
)
(/usr/local/texlive/2008/texmf-dist/tex/latex/graphics/color.sty
Package: color 2005/11/14 v1.0j Standard LaTeX Color (DPC)

(/usr/local/texlive/2008/texmf/tex/latex/config/color.cfg
File: color.cfg 2007/01/18 v1.5 color configuration of teTeX/TeXLive
)
Package color Info: Driver file: pdftex.def on input line 130.
)
(/usr/local/texlive/2008/texmf-dist/tex/latex/cite/cite.sty
LaTeX Info: Redefining \cite on input line 149.
LaTeX Info: Redefining \nocite on input line 214.
Package: cite 2003/11/04  v 4.01
)
(/usr/local/texlive/2008/texmf-dist/tex/latex/doublestroke/dsfont.sty
Package: dsfont 1995/08/01 v0.1 Double stroke roman fonts
)
(/usr/local/texlive/2008/texmf-dist/tex/latex/oberdiek/epstopdf.sty
Package: epstopdf 2008/05/06 v1.7 Conversion with epstopdf on the fly (HO)

(/usr/local/texlive/2008/texmf-dist/tex/generic/oberdiek/infwarerr.sty
Package: infwarerr 2007/09/09 v1.2 Providing info/warning/message (HO)
)
(/usr/local/texlive/2008/texmf-dist/tex/latex/oberdiek/grfext.sty
Package: grfext 2007/09/30 v1.0 Managing graphics extensions (HO)
)
(/usr/local/texlive/2008/texmf-dist/tex/latex/oberdiek/kvoptions.sty
Package: kvoptions 2007/10/18 v3.0 Keyval support for LaTeX options (HO)
)
(/usr/local/texlive/2008/texmf-dist/tex/generic/oberdiek/pdftexcmds.sty
Package: pdftexcmds 2007/12/12 v0.3 LuaTeX support for pdfTeX utility functions
 (HO)
Package pdftexcmds Info: LuaTeX not detected on input line 139.
)
Package grfext Info: Graphics extension search list:
(grfext)             [.png,.pdf,.jpg,.mps,.jpeg,.jbig2,.jb2,.PNG,.PDF,.JPG,.JPE
G,.JBIG2,.JB2,.eps]
(grfext)             \AppendGraphicsExtensions on input line 323.
)
(/usr/local/texlive/2008/texmf-dist/tex/latex/tools/bm.sty
Package: bm 2004/02/26 v1.1c Bold Symbol Support (DPC/FMi)
\symboldoperators=\mathgroup6
\symboldletters=\mathgroup7
\symboldsymbols=\mathgroup8
LaTeX Font Info:    Redeclaring math alphabet \mathbf on input line 137.
LaTeX Info: Redefining \bm on input line 203.
)
(/usr/local/texlive/2008/texmf-dist/tex/latex/stmaryrd/stmaryrd.sty
Package: stmaryrd 1994/03/03 St Mary's Road symbol package
\symstmry=\mathgroup9
LaTeX Font Info:    Overwriting symbol font `stmry' in version `bold'
(Font)                  U/stmry/m/n --> U/stmry/b/n on input line 89.
)
(/usr/local/texlive/2008/texmf-dist/tex/latex/tools/xspace.sty
Package: xspace 2006/05/08 v1.12 Space after command names (DPC,MH)
)
(/usr/local/texlive/2008/texmf-dist/tex/latex/IEEEtran/IEEEtrantools.sty
Package: IEEEtrantools 2007/01/11 V1.2 by Michael Shell

-- See the "IEEEtrantools_doc.txt" manual for usage information.
-- http://www.michaelshell.org/tex/ieeetran/tools/
\@IEEEtrantmpdimenA=\dimen128
\@IEEEtrantmpdimenB=\dimen129
\@IEEEtrantmpcountA=\count111
\@IEEEtrantmpcountB=\count112
\@IEEEtrantmptoksA=\toks21
\IEEEnormaljot=\dimen130
\IEEEilabelindentA=\dimen131
\IEEEilabelindentB=\dimen132
\IEEEilabelindent=\dimen133
\IEEEelabelindent=\dimen134
\IEEEdlabelindent=\dimen135
\IEEElabelindent=\dimen136
\IEEEiednormlabelsep=\dimen137
\IEEEiedmathlabelsep=\dimen138
\IEEEiedtopsep=\skip60
\c@IEEEsubequation=\count113
\@IEEEeqnnumcols=\count114
\@IEEEeqncolcnt=\count115
\IEEEPARstartletwidth=\dimen139
) (./WaveletScattering.aux (./abstract.aux) (./acknowledgments.aux)
(./contents.aux) (./introduction.aux) (./chordestimation.aux) (./scattering.aux
) (./haarscattering.aux) (./experiment.aux) (./results.aux) (./analysis.aux)
(./conclusions.aux) (./bibliography.aux))
\openout1 = `WaveletScattering.aux'.

LaTeX Font Info:    Checking defaults for OML/cmm/m/it on input line 104.
LaTeX Font Info:    ... okay on input line 104.
LaTeX Font Info:    Checking defaults for T1/cmr/m/n on input line 104.
LaTeX Font Info:    ... okay on input line 104.
LaTeX Font Info:    Checking defaults for OT1/cmr/m/n on input line 104.
LaTeX Font Info:    ... okay on input line 104.
LaTeX Font Info:    Checking defaults for OMS/cmsy/m/n on input line 104.
LaTeX Font Info:    ... okay on input line 104.
LaTeX Font Info:    Checking defaults for OMX/cmex/m/n on input line 104.
LaTeX Font Info:    ... okay on input line 104.
LaTeX Font Info:    Checking defaults for U/cmr/m/n on input line 104.
LaTeX Font Info:    ... okay on input line 104.
LaTeX Font Info:    Try loading font information for OT1+ptm on input line 104.


(/usr/local/texlive/2008/texmf-dist/tex/latex/psnfss/ot1ptm.fd
File: ot1ptm.fd 2001/06/04 font definitions for OT1/ptm.
)
*geometry auto-detecting driver*
*geometry detected driver: pdftex*
-------------------- Geometry parameters
paper: a4paper
landscape: --
twocolumn: --
twoside: --
asymmetric: --
h-parts: 72.26999pt, 452.9679pt, 72.26999pt
v-parts: 72.26999pt, 700.50687pt, 72.26999pt
hmarginratio: --
vmarginratio: --
lines: --
heightrounded: --
bindingoffset: 0.0pt
truedimen: --
includehead: --
includefoot: --
includemp: --
driver: pdftex
-------------------- Page layout dimensions and switches
\paperwidth  597.50787pt
\paperheight 845.04684pt
\textwidth  452.9679pt
\textheight 700.50687pt
\oddsidemargin  0.0pt
\evensidemargin 0.0pt
\topmargin  -37.0pt
\headheight 12.0pt
\headsep    25.0pt
\footskip   30.0pt
\marginparwidth 44.0pt
\marginparsep   10.0pt
\columnsep  10.0pt
\skip\footins  10.8pt plus 4.0pt minus 2.0pt
\hoffset 0.0pt
\voffset 0.0pt
\mag 1000

(1in=72.27pt, 1cm=28.45pt)
-----------------------
(/usr/local/texlive/2008/texmf-dist/tex/context/base/supp-pdf.tex
[Loading MPS to PDF converter (version 2006.09.02).]
\scratchcounter=\count116
\scratchdimen=\dimen140
\scratchbox=\box28
\nofMPsegments=\count117
\nofMParguments=\count118
\everyMPshowfont=\toks22
\MPscratchCnt=\count119
\MPscratchDim=\dimen141
\MPnumerator=\count120
\everyMPtoPDFconversion=\toks23
)
Package caption Info: Begin \AtBeginDocument code.
Package caption3 Info: subfig package 1.2 or 1.3 is loaded.
LaTeX Info: Redefining \subref on input line 104.
Package caption Info: End \AtBeginDocument code.
LaTeX Font Info:    Try loading font information for U+msa on input line 110.
 (/usr/local/texlive/2008/texmf-dist/tex/latex/amsfonts/umsa.fd
File: umsa.fd 2002/01/19 v2.2g AMS font definitions
)
LaTeX Font Info:    Try loading font information for U+msb on input line 110.

(/usr/local/texlive/2008/texmf-dist/tex/latex/amsfonts/umsb.fd
File: umsb.fd 2002/01/19 v2.2g AMS font definitions
)
LaTeX Font Info:    Try loading font information for U+stmry on input line 110.


(/usr/local/texlive/2008/texmf-dist/tex/latex/stmaryrd/Ustmry.fd) [1

{/usr/local/texlive/2008/texmf-var/fonts/map/pdftex/updmap/pdftex.map}]
\openout2 = `abstract.aux'.

 (./abstract.tex
LaTeX Font Info:    Font shape `OT1/ptm/bx/n' in size <10.95> not available
(Font)              Font shape `OT1/ptm/b/n' tried instead on input line 5.

[2

]
LaTeX Font Info:    Font shape `OT1/ptm/bx/n' in size <12> not available
(Font)              Font shape `OT1/ptm/b/n' tried instead on input line 23.
) [3]
\openout2 = `acknowledgments.aux'.

 (./acknowledgments.tex) [4


]
\openout2 = `contents.aux'.

 (./contents.tex
LaTeX Font Info:    Font shape `OT1/ptm/bx/n' in size <17.28> not available
(Font)              Font shape `OT1/ptm/b/n' tried instead on input line 6.
 (./WaveletScattering.toc)
\tf@toc=\write3
\openout3 = `WaveletScattering.toc'.


[5


] (./WaveletScattering.lof
LaTeX Font Info:    Try loading font information for OT1+pcr on input line 1.

(/usr/local/texlive/2008/texmf-dist/tex/latex/psnfss/ot1pcr.fd
File: ot1pcr.fd 2001/06/04 font definitions for OT1/pcr.
)
LaTeX Font Info:    Try loading font information for OMS+pcr on input line 1.

(/usr/local/texlive/2008/texmf-dist/tex/latex/psnfss/omspcr.fd
File: omspcr.fd 
)
LaTeX Font Info:    Font shape `OMS/pcr/m/n' in size <12> not available
(Font)              Font shape `OMS/cmsy/m/n' tried instead on input line 1.


LaTeX Font Warning: Font shape `U/stmry/b/n' undefined
(Font)              using `U/stmry/m/n' instead on input line 5.

)
\tf@lof=\write4
\openout4 = `WaveletScattering.lof'.

) [6

]
\openout2 = `introduction.aux'.

 (./introduction.tex
<figs/sheet_music.png, id=30, 233.25142pt x 56.82228pt>
File: figs/sheet_music.png Graphic file (type png)

<use figs/sheet_music.png> [7


 <./figs/sheet_music.png (PNG copy)>]) [8]
\openout2 = `chordestimation.aux'.


(./chordestimation.tex
LaTeX Font Info:    Font shape `OT1/ptm/bx/n' in size <14.4> not available
(Font)              Font shape `OT1/ptm/b/n' tried instead on input line 22.
system(epstopdf figs/multiband.eps)...executed.



pdfTeX warning: /usr/texbin/pdflatex (file ./figs/multiband.pdf): PDF inclusion
: found PDF version <1.5>, but at most version <1.4> allowed
<figs/multiband.pdf, id=38, 868.24374pt x 434.62375pt>
File: figs/multiband.pdf Graphic file (type pdf)

<use figs/multiband.pdf>
Overfull \hbox (67.98238pt too wide) in paragraph at lines 27--28
 [][] 
 []

[9


] [10 <./figs/multiband.pdf>]
LaTeX Font Info:    Try loading font information for U+dsrom on input line 87.

(/usr/local/texlive/2008/texmf-dist/tex/latex/doublestroke/Udsrom.fd
File: Udsrom.fd 1995/08/01 v0.1 Double stroke roman font definitions
) [11]
system(epstopdf figs/transmat.eps)...executed.



pdfTeX warning: /usr/texbin/pdflatex (file ./figs/transmat.pdf): PDF inclusion:
 found PDF version <1.5>, but at most version <1.4> allowed
<figs/transmat.pdf, id=54, 731.73375pt x 722.7pt>
File: figs/transmat.pdf Graphic file (type pdf)
 <use figs/transmat.pdf>
[12 <./figs/transmat.pdf>]) [13]
\openout2 = `scattering.aux'.

 (./scattering.tex
system(epstopdf figs/wavelets_time.eps)...executed.



pdfTeX warning: /usr/texbin/pdflatex (file ./figs/wavelets_time.pdf): PDF inclu
sion: found PDF version <1.5>, but at most version <1.4> allowed
<figs/wavelets_time.pdf, id=66, 722.7pt x 433.62pt>
File: figs/wavelets_time.pdf Graphic file (type pdf)

<use figs/wavelets_time.pdf>
system(epstopdf figs/wavelets_freq.eps)...executed.



pdfTeX warning: /usr/texbin/pdflatex (file ./figs/wavelets_freq.pdf): PDF inclu
sion: found PDF version <1.5>, but at most version <1.4> allowed
<figs/wavelets_freq.pdf, id=67, 722.7pt x 216.81pt>
File: figs/wavelets_freq.pdf Graphic file (type pdf)

<use figs/wavelets_freq.pdf>

LaTeX Warning: `!h' float specifier changed to `!ht'.

[14


] [15 <./figs/wavelets_time.pdf> <./figs/wavelets_freq.pdf>] [16]) [17]
[18]
\openout2 = `haarscattering.aux'.

 (./haarscattering.tex
system(epstopdf figs/haar_functions.eps)...executed.



pdfTeX warning: /usr/texbin/pdflatex (file ./figs/haar_functions.pdf): PDF incl
usion: found PDF version <1.5>, but at most version <1.4> allowed
<figs/haar_functions.pdf, id=169, 2591.6825pt x 2844.6275pt>
File: figs/haar_functions.pdf Graphic file (type pdf)

<use figs/haar_functions.pdf> [19


] [20 <./figs/haar_functions.pdf>]
system(epstopdf figs/wavelet_scheme.eps)...executed.



pdfTeX warning: /usr/texbin/pdflatex (file ./figs/wavelet_scheme.pdf): PDF incl
usion: found PDF version <1.5>, but at most version <1.4> allowed
<figs/wavelet_scheme.pdf, id=183, 3476.99pt x 1263.72125pt>
File: figs/wavelet_scheme.pdf Graphic file (type pdf)

<use figs/wavelet_scheme.pdf> [21 <./figs/wavelet_scheme.pdf>] [22]
system(epstopdf figs/scattering_scheme.eps)...executed.



pdfTeX warning: /usr/texbin/pdflatex (file ./figs/scattering_scheme.pdf): PDF i
nclusion: found PDF version <1.5>, but at most version <1.4> allowed
<figs/scattering_scheme.pdf, id=194, 3476.99pt x 2275.50125pt>
File: figs/scattering_scheme.pdf Graphic file (type pdf)

<use figs/scattering_scheme.pdf> [23 <./figs/scattering_scheme.pdf>]
system(epstopdf figs/features_gray.eps)...executed.



pdfTeX warning: /usr/texbin/pdflatex (file ./figs/features_gray.pdf): PDF inclu
sion: found PDF version <1.5>, but at most version <1.4> allowed
<figs/features_gray.pdf, id=201, 618.31pt x 675.52374pt>
File: figs/features_gray.pdf Graphic file (type pdf)

<use figs/features_gray.pdf> [24] [25 <./figs/features_gray.pdf>]) [26]
\openout2 = `experiment.aux'.


(./experiment.tex) [27


]
\openout2 = `results.aux'.

 (./results.tex
system(epstopdf figs/mirex4.eps)...executed.



pdfTeX warning: /usr/texbin/pdflatex (file ./figs/mirex4.pdf): PDF inclusion: f
ound PDF version <1.5>, but at most version <1.4> allowed
<figs/mirex4.pdf, id=222, 722.7pt x 433.62pt>
File: figs/mirex4.pdf Graphic file (type pdf)
 <use figs/mirex4.pdf>
system(epstopdf figs/mirex8.eps)...executed.



pdfTeX warning: /usr/texbin/pdflatex (file ./figs/mirex8.pdf): PDF inclusion: f
ound PDF version <1.5>, but at most version <1.4> allowed
<figs/mirex8.pdf, id=223, 722.7pt x 433.62pt>
File: figs/mirex8.pdf Graphic file (type pdf)
 <use figs/mirex8.pdf>

LaTeX Warning: `!h' float specifier changed to `!ht'.

[28


]
system(epstopdf figs/tetrad_inv4.eps)...executed.



pdfTeX warning: /usr/texbin/pdflatex (file ./figs/tetrad_inv4.pdf): PDF inclusi
on: found PDF version <1.5>, but at most version <1.4> allowed
<figs/tetrad_inv4.pdf, id=227, 722.7pt x 433.62pt>
File: figs/tetrad_inv4.pdf Graphic file (type pdf)
 <use figs/tetrad_inv4.pdf>
system(epstopdf figs/tetrad_inv8.eps)...executed.



pdfTeX warning: /usr/texbin/pdflatex (file ./figs/tetrad_inv8.pdf): PDF inclusi
on: found PDF version <1.5>, but at most version <1.4> allowed
<figs/tetrad_inv8.pdf, id=228, 722.7pt x 433.62pt>
File: figs/tetrad_inv8.pdf Graphic file (type pdf)
 <use figs/tetrad_inv8.pdf>

LaTeX Warning: `!h' float specifier changed to `!ht'.

) [29 <./figs/mirex4.pdf> <./figs/mirex8.pdf>] [30 <./figs/tetrad_inv4.pdf> <./
figs/tetrad_inv8.pdf>] [31]
\openout2 = `analysis.aux'.

 (./analysis.tex
<figs/confusion_matrices.png, id=435, 1049.3604pt x 1053.6966pt>
File: figs/confusion_matrices.png Graphic file (type png)

<use figs/confusion_matrices.png>
Overfull \hbox (19.23991pt too wide) in paragraph at lines 15--16
 [][] 
 []

[32


] [33 <./figs/confusion_matrices.png (PNG copy)>]

pdfTeX warning: /usr/texbin/pdflatex (file ./figs/normalized_features.pdf): PDF
 inclusion: found PDF version <1.5>, but at most version <1.4> allowed
<figs/normalized_features.pdf, id=442, 738.76pt x 669.50125pt>
File: figs/normalized_features.pdf Graphic file (type pdf)

<use figs/normalized_features.pdf> [34] [35 <./figs/normalized_features.pdf>]
LaTeX Font Info:    Try loading font information for OT1+phv on input line 99.

(/usr/local/texlive/2008/texmf-dist/tex/latex/psnfss/ot1phv.fd
File: ot1phv.fd 2001/06/04 scalable font definitions for OT1/phv.
) [36]
system(epstopdf figs/mirex4-ARITHMETIC.eps)...executed.



pdfTeX warning: /usr/texbin/pdflatex (file ./figs/mirex4-ARITHMETIC.pdf): PDF i
nclusion: found PDF version <1.5>, but at most version <1.4> allowed
<figs/mirex4-ARITHMETIC.pdf, id=459, 722.7pt x 433.62pt>
File: figs/mirex4-ARITHMETIC.pdf Graphic file (type pdf)

<use figs/mirex4-ARITHMETIC.pdf>
system(epstopdf figs/tetrad_inv4-ARITHMETIC.eps)...executed.



pdfTeX warning: /usr/texbin/pdflatex (file ./figs/tetrad_inv4-ARITHMETIC.pdf): 
PDF inclusion: found PDF version <1.5>, but at most version <1.4> allowed
<figs/tetrad_inv4-ARITHMETIC.pdf, id=460, 722.7pt x 433.62pt>
File: figs/tetrad_inv4-ARITHMETIC.pdf Graphic file (type pdf)

<use figs/tetrad_inv4-ARITHMETIC.pdf>

LaTeX Warning: `!h' float specifier changed to `!ht'.

[37]) [38 <./figs/mirex4-ARITHMETIC.pdf> <./figs/tetrad_inv4-ARITHMETIC.pdf>]
[39]
\openout2 = `conclusions.aux'.

 (./conclusions.tex
Overfull \hbox (3.03897pt too wide) in paragraph at lines 13--14
\OT1/ptm/m/n/12 Automatic Chord Es-ti-ma-tion (ACE) sys-tems com-pris-ing of be
at-synchronous multi-band chroma
 []

) [40


]
\openout2 = `bibliography.aux'.

 (./bibliography.tex (./WaveletScattering.bbl [41


] [42]
Missing character: There is no Ô in font ptmr7t!
Missing character: There is no ø in font ptmr7t!
Missing character: There is no Ω in font ptmr7t!
Missing character: There is no ‚ in font ptmr7t!
Missing character: There is no Ä in font ptmr7t!
Missing character: There is no ê in font ptmr7t!
)) [43]
(./WaveletScattering.aux (./abstract.aux) (./acknowledgments.aux)
(./contents.aux) (./introduction.aux) (./chordestimation.aux) (./scattering.aux
) (./haarscattering.aux) (./experiment.aux) (./results.aux) (./analysis.aux)
(./conclusions.aux) (./bibliography.aux))

LaTeX Font Warning: Some font shapes were not available, defaults substituted.

 ) 
Here is how much of TeX's memory you used:
 4830 strings out of 493876
 73686 string characters out of 1150567
 137313 words of memory out of 3000000
 7859 multiletter control sequences out of 10000+50000
 44244 words of font info for 112 fonts, out of 3000000 for 5000
 714 hyphenation exceptions out of 8191
 44i,13n,43p,1027b,401s stack positions out of 5000i,500n,10000p,200000b,50000s
{/usr/local/texlive/2008/texmf-dist/fonts/enc/dvips/base/8r.enc}</usr/local/t
exlive/2008/texmf-dist/fonts/type1/bluesky/ams/cmbsy7.pfb></usr/local/texlive/2
008/texmf-dist/fonts/type1/bluesky/cm/cmbx12.pfb></usr/local/texlive/2008/texmf
-dist/fonts/type1/bluesky/cm/cmbx8.pfb></usr/local/texlive/2008/texmf-dist/font
s/type1/bluesky/cm/cmex10.pfb></usr/local/texlive/2008/texmf-dist/fonts/type1/b
luesky/cm/cmmi10.pfb></usr/local/texlive/2008/texmf-dist/fonts/type1/bluesky/cm
/cmmi12.pfb></usr/local/texlive/2008/texmf-dist/fonts/type1/bluesky/cm/cmmi6.pf
b></usr/local/texlive/2008/texmf-dist/fonts/type1/bluesky/cm/cmmi8.pfb></usr/lo
cal/texlive/2008/texmf-dist/fonts/type1/bluesky/cm/cmmib10.pfb></usr/local/texl
ive/2008/texmf-dist/fonts/type1/bluesky/ams/cmmib7.pfb></usr/local/texlive/2008
/texmf-dist/fonts/type1/bluesky/cm/cmr10.pfb></usr/local/texlive/2008/texmf-dis
t/fonts/type1/bluesky/cm/cmr12.pfb></usr/local/texlive/2008/texmf-dist/fonts/ty
pe1/bluesky/cm/cmr6.pfb></usr/local/texlive/2008/texmf-dist/fonts/type1/bluesky
/cm/cmr8.pfb></usr/local/texlive/2008/texmf-dist/fonts/type1/bluesky/cm/cmsy10.
pfb></usr/local/texlive/2008/texmf-dist/fonts/type1/bluesky/cm/cmsy6.pfb></usr/
local/texlive/2008/texmf-dist/fonts/type1/bluesky/cm/cmsy8.pfb></usr/local/texl
ive/2008/texmf-dist/fonts/type1/public/doublestroke/dsrom12.pfb></usr/local/tex
live/2008/texmf-dist/fonts/type1/public/cmex/fmex8.pfb></usr/local/texlive/2008
/texmf-dist/fonts/type1/bluesky/ams/msbm10.pfb></usr/local/texlive/2008/texmf-d
ist/fonts/type1/bluesky/ams/msbm7.pfb></usr/local/texlive/2008/texmf-dist/fonts
/type1/hoekwater/stmaryrd/stmary10.pfb></usr/local/texlive/2008/texmf-dist/font
s/type1/urw/courier/ucrr8a.pfb></usr/local/texlive/2008/texmf-dist/fonts/type1/
urw/helvetic/uhvr8a.pfb></usr/local/texlive/2008/texmf-dist/fonts/type1/urw/tim
es/utmb8a.pfb></usr/local/texlive/2008/texmf-dist/fonts/type1/urw/times/utmr8a.
pfb></usr/local/texlive/2008/texmf-dist/fonts/type1/urw/times/utmri8a.pfb>
Output written on WaveletScattering.pdf (43 pages, 7808484 bytes).
PDF statistics:
 675 PDF objects out of 1000 (max. 8388607)
 0 named destinations out of 1000 (max. 131072)
 86 words of extra memory for PDF output out of 10000 (max. 10000000)

